0.000000 0.024133 1.000000 0.434431 0.364569
0.000000 0.723544 1.000000 0.434431 0.364569
0.000000 0.723544 1.000000 0.434431 0.364569
0.000000 0.006327 1.000000 0.434431 0.364569
0.000000 0.006327 1.000000 0.434431 0.364569
0.000000 0.006327 1.000000 0.434431 0.364569
0.000000 0.097299 1.000000 0.434431 0.364569
0.000000 0.097299 1.000000 0.434431 0.364569
0.000000 0.097299 1.000000 0.434431 0.364569
0.000000 0.097299 1.000000 0.434431 0.364569
0.000000 0.250305 1.000000 0.434431 0.364569
0.000000 0.250305 1.000000 0.434431 0.364569
0.000000 0.160363 1.000000 0.434431 0.364569
0.000000 0.160363 1.000000 0.434431 0.364569
0.000000 0.472445 1.000000 0.434431 0.364569
0.000000 0.472445 1.000000 0.434431 0.364569
0.000000 0.472445 1.000000 0.434431 0.364569
0.000000 0.472445 1.000000 0.434431 0.364569
0.000000 0.472445 1.000000 0.434431 0.364569
0.000000 0.698839 1.000000 0.434431 0.364569
0.000000 0.698839 1.000000 0.434431 0.364569
0.000000 0.432553 1.000000 0.434431 0.364569
0.000000 0.790783 1.000000 0.434431 0.364569
0.000000 0.150714 1.000000 0.434431 0.364569
0.000000 0.894472 1.000000 0.434431 0.364569
0.000000 0.116494 1.000000 0.434431 0.364569
0.000000 0.658375 1.000000 0.434431 0.364569
0.000000 0.588064 1.000000 0.434431 0.364569
0.000000 0.336204 1.000000 0.434431 0.364569
0.000000 0.394684 1.000000 0.434431 0.364569
0.000000 0.147598 1.000000 0.434431 0.364569
0.000000 0.707040 1.000000 0.434431 0.364569
0.000000 0.000000 0.000000 0.000000 0.000000
0.000000 0.000000 0.000000 0.000000 0.000000
0.000000 0.000000 0.000000 0.000000 0.000000
0.000000 0.000000 0.000000 0.000000 0.000000
0.000000 0.000000 0.000000 0.000000 0.000000
0.000000 0.000000 0.000000 0.000000 0.000000
0.000000 0.000000 0.000000 0.000000 0.000000
0.000000 0.000000 0.000000 0.000000 0.000000
0.000000 0.000000 0.000000 0.000000 0.000000
0.000000 0.000000 0.000000 0.000000 0.000000
0.000000 0.000000 0.000000 0.000000 0.000000
0.000000 0.000000 0.000000 0.000000 0.000000
0.000000 0.000000 0.000000 0.000000 0.000000
0.000000 0.000000 0.000000 0.000000 0.000000
0.000000 0.000000 0.000000 0.000000 0.000000
0.000000 0.000000 0.000000 0.000000 0.000000
0.000000 0.000000 0.000000 0.000000 0.000000
0.000000 0.000000 0.000000 0.000000 0.000000
0.000000 0.000000 0.000000 0.000000 0.000000
0.000000 0.000000 0.000000 0.000000 0.000000
0.000000 0.000000 0.000000 0.000000 0.000000
0.000000 0.000000 0.000000 0.000000 0.000000
0.000000 0.000000 0.000000 0.000000 0.000000
0.000000 0.000000 0.000000 0.000000 0.000000
0.000000 0.000000 0.000000 0.000000 0.000000
0.000000 0.000000 0.000000 0.000000 0.000000
0.000000 0.000000 0.000000 0.000000 0.000000
0.000000 0.000000 0.000000 0.000000 0.000000
0.000000 0.000000 0.000000 0.000000 0.000000
0.000000 0.000000 0.000000 0.000000 0.000000
0.000000 0.000000 0.000000 0.000000 0.000000
0.000000 0.000000 0.000000 0.000000 0.000000
0.000000 0.000000 0.000000 0.000000 0.000000
0.000000 0.000000 0.000000 0.000000 0.000000
0.000000 0.000000 0.000000 0.000000 0.000000
0.000000 0.000000 0.000000 0.000000 0.000000
0.000000 0.000000 0.000000 0.000000 0.000000
0.000000 0.000000 0.000000 0.000000 0.000000
0.000000 0.000000 0.000000 0.000000 0.000000
0.000000 0.000000 0.000000 0.000000 0.000000
0.000000 0.000000 0.000000 0.000000 0.000000
0.000000 0.000000 0.000000 0.000000 0.000000
0.000000 0.000000 0.000000 0.000000 0.000000
0.000000 0.000000 0.000000 0.000000 0.000000
0.000000 0.000000 0.000000 0.000000 0.000000
0.000000 0.000000 0.000000 0.000000 0.000000
0.000000 0.000000 0.000000 0.000000 0.000000
0.000000 0.000000 0.000000 0.000000 0.000000
0.000000 0.000000 0.000000 0.000000 0.000000
0.000000 0.000000 0.000000 0.000000 0.000000
0.000000 0.000000 0.000000 0.000000 0.000000
0.000000 0.000000 0.000000 0.000000 0.000000
0.000000 0.000000 0.000000 0.000000 0.000000
0.000000 0.000000 0.000000 0.000000 0.000000
0.000000 0.000000 0.000000 0.000000 0.000000
0.000000 0.000000 0.000000 0.000000 0.000000
0.000000 0.000000 0.000000 0.000000 0.000000
0.000000 0.000000 0.000000 0.000000 0.000000
0.000000 0.000000 0.000000 0.000000 0.000000
0.000000 0.000000 0.000000 0.000000 0.000000
0.000000 0.000000 0.000000 0.000000 0.000000
0.000000 0.000000 0.000000 0.000000 0.000000
0.000000 0.000000 0.000000 0.000000 0.000000
0.000000 0.000000 0.000000 0.000000 0.000000
0.000000 0.000000 0.000000 0.000000 0.000000
0.000000 0.000000 0.000000 0.000000 0.000000
0.000000 0.000000 0.000000 0.000000 0.000000
0.000000 0.000000 0.000000 0.000000 0.000000
0.000000 0.000000 0.000000 0.000000 0.000000
0.000000 0.000003 0.000000 0.000000 0.000000
0.000000 0.000004 0.000000 0.000000 0.000000
0.000000 0.000004 0.000000 0.000000 0.000000
0.000000 0.000000 0.000000 0.000000 0.000000
3.216813 4.211101 4.250000 11.580464 11.227729
4.041777 4.789191 4.250000 11.580464 11.227729
3.743107 4.695314 4.250000 11.580464 11.227729
3.897495 4.789092 4.250000 11.580464 11.227729
4.074951 4.336017 4.250000 11.580464 11.227729
1.054185 3.273628 4.250000 11.580464 11.227729
4.224072 3.234439 2.351566 11.139484 10.829896
4.809408 4.797128 2.351566 11.139484 10.829896
4.061444 4.921917 2.351566 11.139484 10.829896
5.000675 3.187531 2.351566 11.139484 10.829896
3.547673 3.445375 2.351566 11.139484 10.829896
4.471820 3.976583 2.351566 11.139484 10.829896
4.614035 3.617765 2.351566 11.139484 10.829896
3.645524 5.070338 4.164237 11.941039 11.654192
4.322145 4.898785 3.781297 11.634788 11.137612
4.264269 4.328253 3.656337 10.457430 10.606612
3.513390 4.085984 3.984654 11.470688 11.824479
3.489502 3.890627 3.476992 9.744825 10.540954
3.905615 4.843877 3.992492 9.966394 9.724946
3.905615 4.843877 3.992492 9.966394 9.724946
4.936430 4.398485 3.461152 11.669001 11.718441
4.397409 4.507813 1.992227 10.303140 10.456320
3.932542 3.632856 4.640642 12.892942 13.327597
5.175415 3.359532 3.742313 11.690262 11.451107
4.385871 4.179689 4.586137 10.319362 10.033034
4.385871 4.179689 4.586137 10.319362 10.033034
3.899954 4.093759 4.234421 11.600973 10.518464
3.899954 4.093759 4.234421 11.600973 10.518464
4.473039 3.742202 3.507866 11.485914 12.003529
4.473039 3.742202 3.507866 11.485914 12.003529
3.533382 4.343818 3.312522 11.385996 12.046635
3.533382 4.343818 3.312522 11.385996 12.046635
2.823949 3.234434 4.101744 10.740209 11.468388
2.823949 3.234434 4.101744 10.740209 11.468388
2.823949 3.234434 4.101744 10.740209 11.468388
4.368242 3.554726 5.351603 11.756124 12.374475
4.281533 4.125176 4.265660 11.093333 11.623070
4.281533 4.125176 4.265660 11.093333 11.623070
4.281533 4.125176 4.265660 11.093333 11.623070
4.281533 4.125176 4.265660 11.093333 11.623070
4.281533 4.125176 4.265660 11.093333 11.623070
4.236080 4.859485 2.804794 12.313761 12.264377
4.236080 4.859485 2.804794 12.313761 12.264377
4.236080 4.859485 2.804794 12.313761 12.264377
4.065846 4.468982 4.265626 11.093904 11.269517
4.065846 4.468982 4.265626 11.093904 11.269517
4.065846 4.468982 4.265626 11.093904 11.269517
4.065846 4.468982 4.265626 11.093904 11.269517
3.645524 3.492189 3.164922 12.097146 12.136405
3.645524 3.492189 3.164922 12.097146 12.136405
3.645524 3.492189 3.164922 12.097146 12.136405
3.645524 3.492189 3.164922 12.097146 12.136405
3.645524 3.492189 3.164922 12.097146 12.136405
4.120069 4.640646 4.703125 11.806603 11.580091
4.120069 4.640646 4.703125 11.806603 11.580091
4.120069 4.640646 4.703125 11.806603 11.580091
4.120069 4.640646 4.703125 11.806603 11.580091
4.120069 4.640646 4.703125 11.806603 11.580091
3.819699 4.812701 4.195418 11.226616 11.689585
3.819699 4.812701 4.195418 11.226616 11.689585
3.819699 4.812701 4.195418 11.226616 11.689585
3.819699 4.812701 4.195418 11.226616 11.689585
4.104041 3.414115 4.437510 11.181257 10.363623
4.104041 3.414115 4.437510 11.181257 10.363623
4.104041 3.414115 4.437510 11.181257 10.363623
4.104041 3.414115 4.437510 11.181257 10.363623
4.104041 3.414115 4.437510 11.181257 10.363623
3.821112 4.547246 2.296895 11.693176 11.091118
3.821112 4.547246 2.296895 11.693176 11.091118
3.821112 4.547246 2.296895 11.693176 11.091118
4.408644 5.226581 5.015991 10.483320 10.653397
4.408644 5.226581 5.015991 10.483320 10.653397
4.408644 5.226581 5.015991 10.483320 10.653397
4.408644 5.226581 5.015991 10.483320 10.653397
3.873161 3.648438 3.687507 10.674015 10.453739
3.873161 3.648438 3.687507 10.674015 10.453739
3.873161 3.648438 3.687507 10.674015 10.453739
3.873161 3.648438 3.687507 10.674015 10.453739
3.873161 3.648438 3.687507 10.674015 10.453739
3.902612 3.015671 3.312840 12.065573 12.866443
3.902612 3.015671 3.312840 12.065573 12.866443
3.902612 3.015671 3.312840 12.065573 12.866443
3.902612 3.015671 3.312840 12.065573 12.866443
3.902612 3.015671 3.312840 12.065573 12.866443
4.273041 4.796948 5.110175 12.043053 11.578943
4.273041 4.796948 5.110175 12.043053 11.578943
4.273041 4.796948 5.110175 12.043053 11.578943
4.273041 4.796948 5.110175 12.043053 11.578943
4.273041 4.796948 5.110175 12.043053 11.578943
4.754110 3.273683 4.289192 12.507536 11.469712
4.390537 4.640696 4.687506 10.938225 11.203394
3.966259 5.468750 3.375459 11.803908 11.786248
3.966259 5.468750 3.375459 11.803908 11.786248
3.825335 3.843786 3.500010 12.685772 12.672874
4.879094 4.953130 4.117188 10.606693 10.938123
3.646137 4.070314 3.929688 10.894373 10.363951
3.646137 4.070314 3.929688 10.894373 10.363951
4.394629 3.992228 4.171892 11.008549 11.072161
4.394629 3.992228 4.171892 11.008549 11.072161
4.964080 5.055036 3.828341 11.599327 11.903774
4.964080 5.055036 3.828341 11.599327 11.903774
3.685868 4.578206 3.882894 11.823703 11.780806
3.685868 4.578206 3.882894 11.823703 11.780806
4.138121 3.750028 5.281479 10.541316 11.115216
4.074008 4.031253 3.531322 10.939320 11.494654
4.338872 3.609556 3.570318 9.506135 9.326047
0.000000 0.000000 0.000151 0.000000 0.000000
0.000000 0.000000 0.000000 0.000000 0.000000
0.000000 0.000015 0.000000 0.000000 0.000000
0.000000 0.000015 0.000000 0.000000 0.000000
0.000000 0.000012 0.000000 0.000000 0.000000
0.000000 0.000012 0.000000 0.000000 0.000000
0.000000 0.000023 0.000000 0.000000 0.000000
0.000000 0.000023 0.000000 0.000000 0.000000
0.000000 0.000000 0.000000 0.000000 0.000000
0.000000 0.000000 0.000000 0.000000 0.000000
0.000000 0.000000 0.000000 0.000000 0.000000
0.000000 0.000000 0.000000 0.000000 0.000000
0.000000 0.000000 0.000000 0.000000 0.000000
0.000000 0.000000 0.000000 0.000000 0.000000
0.000000 0.000000 0.000000 0.000000 0.000000
0.000000 0.000000 0.000000 0.000000 0.000000
0.000000 0.000000 0.000000 0.000000 0.000000
0.000002 0.000000 0.000000 0.000000 0.000000
0.910657 0.000000 0.000000 0.000000 0.000000
0.000000 0.000000 0.000000 0.000000 0.000000
0.000000 0.000000 0.000000 0.000000 0.000000
0.000000 0.000001 0.000000 0.000000 0.000000
0.000000 0.000000 0.000000 0.000000 0.000000
0.000000 0.000041 0.000000 0.000000 0.000000
0.000000 0.000026 0.298998 0.000000 0.000000
0.000000 0.000501 0.000101 0.000000 0.000000
0.000000 0.001254 0.003178 0.000000 0.000000
0.000000 0.000197 0.000040 0.000000 0.000000
0.000000 0.008549 0.066645 0.000000 0.000000
0.000000 0.015066 0.030347 0.000000 0.000000
0.000000 0.005364 0.000004 0.000000 0.000000
0.000000 0.007500 0.004677 0.000000 0.000000
0.000000 0.138731 0.000028 0.000000 0.000000
0.000000 0.138731 0.000028 0.000000 0.000000
0.000000 0.000359 0.013323 0.000000 0.000000
0.000000 0.000359 0.013323 0.000000 0.000000
0.000000 0.000001 0.001832 0.000000 0.000000
0.000000 0.000330 0.001519 0.000000 0.000000
0.000000 0.014615 0.001254 0.000000 0.000000
0.000000 0.674587 0.058851 0.097629 0.638998
0.000000 0.885790 0.894523 0.247570 0.200093
0.000000 0.565606 0.150913 0.287765 0.730954
0.000000 0.407256 0.611265 0.381537 0.302340
0.000000 0.376758 0.370787 0.024446 0.925307
0.000000 0.364943 0.241525 0.851207 0.472062
0.000000 0.024899 0.816522 0.234998 0.925307
0.000000 0.011048 0.894521 0.434655 0.491726
0.000000 0.259709 0.224227 0.434529 0.684545
0.000000 0.611282 0.220053 0.287765 0.616960
0.000000 0.611282 0.220053 0.287765 0.616960
0.000000 0.472662 0.565594 0.434489 0.332628
0.000000 0.012922 0.595876 0.573693 0.332663
0.000000 0.012922 0.595876 0.573693 0.332663
0.000000 0.320037 0.565565 0.595098 0.802586
